[INFO][2019-05-30 18:32|:48][org.springframework.web.context.ContextLoader]Root WebApplicationContext: initialization started
[INFO][2019-05-30 18:32|:48][org.springframework.web.context.support.XmlWebApplicationContext]Refreshing Root WebApplicationContext: startup date [Thu May 30 18:32:48 CST 2019]; root of context hierarchy
[INFO][2019-05-30 18:32|:48][org.springframework.beans.factory.xml.XmlBeanDefinitionReader]Loading XML bean definitions from file [E:\0JAVA\ideaworkspace\unionproject\target\classes\applicationContext-dao.xml]
[INFO][2019-05-30 18:32|:49][org.springframework.beans.factory.xml.XmlBeanDefinitionReader]Loading XML bean definitions from file [E:\0JAVA\ideaworkspace\unionproject\target\classes\applicationContext-service.xml]
[INFO][2019-05-30 18:32|:49][org.springframework.beans.factory.xml.XmlBeanDefinitionReader]Loading XML bean definitions from file [E:\0JAVA\ideaworkspace\unionproject\target\classes\applicationContext-tx.xml]
[INFO][2019-05-30 18:32|:49][org.springframework.context.support.PropertySourcesPlaceholderConfigurer]Loading properties file from class path resource [db.properties]
[INFO][2019-05-30 18:32|:49][org.springframework.beans.factory.annotation.AutowiredAnnotationBeanPostProcessor]JSR-330 'javax.inject.Inject' annotation found and supported for autowiring
[INFO][2019-05-30 18:32|:50][com.alibaba.druid.pool.DruidDataSource]{dataSource-1} inited
[INFO][2019-05-30 18:32|:51][org.springframework.web.context.ContextLoader]Root WebApplicationContext: initialization completed in 2698 ms
[INFO][2019-05-30 18:32|:51][org.springframework.web.context.support.XmlWebApplicationContext]Closing Root WebApplicationContext: startup date [Thu May 30 18:32:48 CST 2019]; root of context hierarchy
[INFO][2019-05-30 18:32|:51][com.alibaba.druid.pool.DruidDataSource]{dataSource-1} closed
[INFO][2019-05-30 18:34|:48][org.springframework.web.context.ContextLoader]Root WebApplicationContext: initialization started
[INFO][2019-05-30 18:34|:48][org.springframework.web.context.support.XmlWebApplicationContext]Refreshing Root WebApplicationContext: startup date [Thu May 30 18:34:48 CST 2019]; root of context hierarchy
[INFO][2019-05-30 18:34|:48][org.springframework.beans.factory.xml.XmlBeanDefinitionReader]Loading XML bean definitions from file [E:\0JAVA\ideaworkspace\unionproject\target\classes\applicationContext-dao.xml]
[INFO][2019-05-30 18:34|:48][org.springframework.beans.factory.xml.XmlBeanDefinitionReader]Loading XML bean definitions from file [E:\0JAVA\ideaworkspace\unionproject\target\classes\applicationContext-service.xml]
[INFO][2019-05-30 18:34|:48][org.springframework.beans.factory.xml.XmlBeanDefinitionReader]Loading XML bean definitions from file [E:\0JAVA\ideaworkspace\unionproject\target\classes\applicationContext-tx.xml]
[INFO][2019-05-30 18:34|:49][org.springframework.context.support.PropertySourcesPlaceholderConfigurer]Loading properties file from class path resource [db.properties]
[INFO][2019-05-30 18:34|:49][org.springframework.beans.factory.annotation.AutowiredAnnotationBeanPostProcessor]JSR-330 'javax.inject.Inject' annotation found and supported for autowiring
[INFO][2019-05-30 18:34|:49][com.alibaba.druid.pool.DruidDataSource]{dataSource-1} inited
[INFO][2019-05-30 18:34|:50][org.springframework.web.context.ContextLoader]Root WebApplicationContext: initialization completed in 2250 ms
[INFO][2019-05-30 18:34|:50][org.springframework.web.servlet.DispatcherServlet]FrameworkServlet 'dispatcherServlet': initialization started
[INFO][2019-05-30 18:34|:50][org.springframework.web.context.support.XmlWebApplicationContext]Refreshing WebApplicationContext for namespace 'dispatcherServlet-servlet': startup date [Thu May 30 18:34:50 CST 2019]; parent: Root WebApplicationContext
[INFO][2019-05-30 18:34|:50][org.springframework.beans.factory.xml.XmlBeanDefinitionReader]Loading XML bean definitions from class path resource [spring-mvc.xml]
[INFO][2019-05-30 18:34|:50][org.springframework.beans.factory.annotation.AutowiredAnnotationBeanPostProcessor]JSR-330 'javax.inject.Inject' annotation found and supported for autowiring
[INFO][2019-05-30 18:34|:50][org.springframework.web.servlet.mvc.method.annotation.RequestMappingHandlerMapping]Mapped "{[/admin/login]}" onto public java.lang.Object controller.AdminController.aLogin(java.lang.String,java.lang.String)
[INFO][2019-05-30 18:34|:51][org.springframework.web.servlet.mvc.method.annotation.RequestMappingHandlerAdapter]Looking for @ControllerAdvice: WebApplicationContext for namespace 'dispatcherServlet-servlet': startup date [Thu May 30 18:34:50 CST 2019]; parent: Root WebApplicationContext
[INFO][2019-05-30 18:34|:51][org.springframework.web.servlet.mvc.method.annotation.RequestMappingHandlerAdapter]Looking for @ControllerAdvice: WebApplicationContext for namespace 'dispatcherServlet-servlet': startup date [Thu May 30 18:34:50 CST 2019]; parent: Root WebApplicationContext
[INFO][2019-05-30 18:34|:51][org.springframework.web.servlet.handler.SimpleUrlHandlerMapping]Mapped URL path [/**] onto handler 'org.springframework.web.servlet.resource.DefaultServletHttpRequestHandler#0'
[INFO][2019-05-30 18:34|:51][org.springframework.web.servlet.DispatcherServlet]FrameworkServlet 'dispatcherServlet': initialization completed in 1067 ms
[INFO][2019-05-30 18:37|:50][org.springframework.web.context.ContextLoader]Root WebApplicationContext: initialization started
[INFO][2019-05-30 18:37|:50][org.springframework.web.context.support.XmlWebApplicationContext]Refreshing Root WebApplicationContext: startup date [Thu May 30 18:37:50 CST 2019]; root of context hierarchy
[INFO][2019-05-30 18:37|:50][org.springframework.beans.factory.xml.XmlBeanDefinitionReader]Loading XML bean definitions from file [E:\0JAVA\ideaworkspace\unionproject\target\classes\applicationContext-dao.xml]
[INFO][2019-05-30 18:37|:51][org.springframework.beans.factory.xml.XmlBeanDefinitionReader]Loading XML bean definitions from file [E:\0JAVA\ideaworkspace\unionproject\target\classes\applicationContext-service.xml]
[INFO][2019-05-30 18:37|:51][org.springframework.beans.factory.xml.XmlBeanDefinitionReader]Loading XML bean definitions from file [E:\0JAVA\ideaworkspace\unionproject\target\classes\applicationContext-tx.xml]
[INFO][2019-05-30 18:37|:51][org.springframework.context.support.PropertySourcesPlaceholderConfigurer]Loading properties file from class path resource [db.properties]
[INFO][2019-05-30 18:37|:51][org.springframework.beans.factory.annotation.AutowiredAnnotationBeanPostProcessor]JSR-330 'javax.inject.Inject' annotation found and supported for autowiring
[INFO][2019-05-30 18:37|:51][com.alibaba.druid.pool.DruidDataSource]{dataSource-1} inited
[INFO][2019-05-30 18:37|:52][org.springframework.web.context.ContextLoader]Root WebApplicationContext: initialization completed in 2232 ms
[INFO][2019-05-30 18:37|:52][org.springframework.web.servlet.DispatcherServlet]FrameworkServlet 'dispatcherServlet': initialization started
[INFO][2019-05-30 18:37|:52][org.springframework.web.context.support.XmlWebApplicationContext]Refreshing WebApplicationContext for namespace 'dispatcherServlet-servlet': startup date [Thu May 30 18:37:52 CST 2019]; parent: Root WebApplicationContext
[INFO][2019-05-30 18:37|:52][org.springframework.beans.factory.xml.XmlBeanDefinitionReader]Loading XML bean definitions from class path resource [spring-mvc.xml]
[INFO][2019-05-30 18:37|:52][org.springframework.beans.factory.annotation.AutowiredAnnotationBeanPostProcessor]JSR-330 'javax.inject.Inject' annotation found and supported for autowiring
[INFO][2019-05-30 18:37|:53][org.springframework.web.servlet.mvc.method.annotation.RequestMappingHandlerMapping]Mapped "{[/admin/login]}" onto public java.lang.Object controller.AdminController.aLogin(java.lang.String,java.lang.String)
[INFO][2019-05-30 18:37|:53][org.springframework.web.servlet.mvc.method.annotation.RequestMappingHandlerAdapter]Looking for @ControllerAdvice: WebApplicationContext for namespace 'dispatcherServlet-servlet': startup date [Thu May 30 18:37:52 CST 2019]; parent: Root WebApplicationContext
[INFO][2019-05-30 18:37|:53][org.springframework.web.servlet.mvc.method.annotation.RequestMappingHandlerAdapter]Looking for @ControllerAdvice: WebApplicationContext for namespace 'dispatcherServlet-servlet': startup date [Thu May 30 18:37:52 CST 2019]; parent: Root WebApplicationContext
[INFO][2019-05-30 18:37|:53][org.springframework.web.servlet.handler.SimpleUrlHandlerMapping]Mapped URL path [/**] onto handler 'org.springframework.web.servlet.resource.DefaultServletHttpRequestHandler#0'
[INFO][2019-05-30 18:37|:53][org.springframework.web.servlet.DispatcherServlet]FrameworkServlet 'dispatcherServlet': initialization completed in 1063 ms
[INFO][2019-05-30 18:38|:29][org.springframework.web.context.ContextLoader]Root WebApplicationContext: initialization started
[INFO][2019-05-30 18:38|:29][org.springframework.web.context.support.XmlWebApplicationContext]Refreshing Root WebApplicationContext: startup date [Thu May 30 18:38:29 CST 2019]; root of context hierarchy
[INFO][2019-05-30 18:38|:29][org.springframework.beans.factory.xml.XmlBeanDefinitionReader]Loading XML bean definitions from file [E:\0JAVA\ideaworkspace\unionproject\target\classes\applicationContext-dao.xml]
[INFO][2019-05-30 18:38|:30][org.springframework.beans.factory.xml.XmlBeanDefinitionReader]Loading XML bean definitions from file [E:\0JAVA\ideaworkspace\unionproject\target\classes\applicationContext-service.xml]
[INFO][2019-05-30 18:38|:30][org.springframework.beans.factory.xml.XmlBeanDefinitionReader]Loading XML bean definitions from file [E:\0JAVA\ideaworkspace\unionproject\target\classes\applicationContext-tx.xml]
[INFO][2019-05-30 18:38|:30][org.springframework.context.support.PropertySourcesPlaceholderConfigurer]Loading properties file from class path resource [db.properties]
[INFO][2019-05-30 18:38|:30][org.springframework.beans.factory.annotation.AutowiredAnnotationBeanPostProcessor]JSR-330 'javax.inject.Inject' annotation found and supported for autowiring
[INFO][2019-05-30 18:38|:31][com.alibaba.druid.pool.DruidDataSource]{dataSource-1} inited
[INFO][2019-05-30 18:38|:32][org.springframework.web.context.ContextLoader]Root WebApplicationContext: initialization completed in 2980 ms
[INFO][2019-05-30 18:38|:32][org.springframework.web.servlet.DispatcherServlet]FrameworkServlet 'dispatcherServlet': initialization started
[INFO][2019-05-30 18:38|:32][org.springframework.web.context.support.XmlWebApplicationContext]Refreshing WebApplicationContext for namespace 'dispatcherServlet-servlet': startup date [Thu May 30 18:38:32 CST 2019]; parent: Root WebApplicationContext
[INFO][2019-05-30 18:38|:32][org.springframework.beans.factory.xml.XmlBeanDefinitionReader]Loading XML bean definitions from class path resource [spring-mvc.xml]
[INFO][2019-05-30 18:38|:32][org.springframework.beans.factory.annotation.AutowiredAnnotationBeanPostProcessor]JSR-330 'javax.inject.Inject' annotation found and supported for autowiring
[INFO][2019-05-30 18:38|:32][org.springframework.web.servlet.mvc.method.annotation.RequestMappingHandlerMapping]Mapped "{[/admin/login]}" onto public java.lang.Object controller.AdminController.aLogin(java.lang.String,java.lang.String)
[INFO][2019-05-30 18:38|:33][org.springframework.web.servlet.mvc.method.annotation.RequestMappingHandlerAdapter]Looking for @ControllerAdvice: WebApplicationContext for namespace 'dispatcherServlet-servlet': startup date [Thu May 30 18:38:32 CST 2019]; parent: Root WebApplicationContext
[INFO][2019-05-30 18:38|:33][org.springframework.web.servlet.mvc.method.annotation.RequestMappingHandlerAdapter]Looking for @ControllerAdvice: WebApplicationContext for namespace 'dispatcherServlet-servlet': startup date [Thu May 30 18:38:32 CST 2019]; parent: Root WebApplicationContext
[INFO][2019-05-30 18:38|:33][org.springframework.web.servlet.handler.SimpleUrlHandlerMapping]Mapped URL path [/**] onto handler 'org.springframework.web.servlet.resource.DefaultServletHttpRequestHandler#0'
[INFO][2019-05-30 18:38|:33][org.springframework.web.servlet.DispatcherServlet]FrameworkServlet 'dispatcherServlet': initialization completed in 1088 ms
[DEBUG][2019-05-30 18:38|:46][mapper.AdminMapper.selectByExample]==>  Preparing: select a_id, a_account, a_tele, a_name, a_pwd from tb_admin WHERE ( a_pwd = ? and a_account = ? ) 
[DEBUG][2019-05-30 18:38|:46][mapper.AdminMapper.selectByExample]==> Parameters: 1(String), 1(String)
[ERROR][2019-05-30 18:38|:46][druid.sql.Statement]{conn-10020, pstmt-20000} execute error. select
     
     
    a_id, a_account, a_tele, a_name, a_pwd
   
    from tb_admin
     
       
     WHERE (  a_pwd = ?
                
            
              
                  and a_account = ? )
com.mysql.jdbc.exceptions.jdbc4.MySQLSyntaxErrorException: Table 'db_1901.tb_admin' doesn't exist
	at sun.reflect.NativeConstructorAccessorImpl.newInstance0(Native Method)
	at sun.reflect.NativeConstructorAccessorImpl.newInstance(NativeConstructorAccessorImpl.java:62)
	at sun.reflect.DelegatingConstructorAccessorImpl.newInstance(DelegatingConstructorAccessorImpl.java:45)
	at java.lang.reflect.Constructor.newInstance(Constructor.java:422)
	at com.mysql.jdbc.Util.handleNewInstance(Util.java:404)
	at com.mysql.jdbc.Util.getInstance(Util.java:387)
	at com.mysql.jdbc.SQLError.createSQLException(SQLError.java:939)
	at com.mysql.jdbc.MysqlIO.checkErrorPacket(MysqlIO.java:3878)
	at com.mysql.jdbc.MysqlIO.checkErrorPacket(MysqlIO.java:3814)
	at com.mysql.jdbc.MysqlIO.sendCommand(MysqlIO.java:2478)
	at com.mysql.jdbc.MysqlIO.sqlQueryDirect(MysqlIO.java:2625)
	at com.mysql.jdbc.ConnectionImpl.execSQL(ConnectionImpl.java:2551)
	at com.mysql.jdbc.PreparedStatement.executeInternal(PreparedStatement.java:1861)
	at com.mysql.jdbc.PreparedStatement.execute(PreparedStatement.java:1192)
	at com.alibaba.druid.filter.FilterChainImpl.preparedStatement_execute(FilterChainImpl.java:3409)
	at com.alibaba.druid.filter.FilterEventAdapter.preparedStatement_execute(FilterEventAdapter.java:440)
	at com.alibaba.druid.filter.FilterChainImpl.preparedStatement_execute(FilterChainImpl.java:3407)
	at com.alibaba.druid.filter.FilterEventAdapter.preparedStatement_execute(FilterEventAdapter.java:440)
	at com.alibaba.druid.filter.FilterChainImpl.preparedStatement_execute(FilterChainImpl.java:3407)
	at com.alibaba.druid.proxy.jdbc.PreparedStatementProxyImpl.execute(PreparedStatementProxyImpl.java:167)
	at com.alibaba.druid.pool.DruidPooledPreparedStatement.execute(DruidPooledPreparedStatement.java:498)
	at sun.reflect.NativeMethodAccessorImpl.invoke0(Native Method)
	at sun.reflect.NativeMethodAccessorImpl.invoke(NativeMethodAccessorImpl.java:62)
	at sun.reflect.DelegatingMethodAccessorImpl.invoke(DelegatingMethodAccessorImpl.java:43)
	at java.lang.reflect.Method.invoke(Method.java:497)
	at org.apache.ibatis.logging.jdbc.PreparedStatementLogger.invoke(PreparedStatementLogger.java:59)
	at com.sun.proxy.$Proxy48.execute(Unknown Source)
	at org.apache.ibatis.executor.statement.PreparedStatementHandler.query(PreparedStatementHandler.java:63)
	at org.apache.ibatis.executor.statement.RoutingStatementHandler.query(RoutingStatementHandler.java:79)
	at org.apache.ibatis.executor.SimpleExecutor.doQuery(SimpleExecutor.java:63)
	at org.apache.ibatis.executor.BaseExecutor.queryFromDatabase(BaseExecutor.java:324)
	at org.apache.ibatis.executor.BaseExecutor.query(BaseExecutor.java:156)
	at org.apache.ibatis.executor.CachingExecutor.query(CachingExecutor.java:109)
	at com.github.pagehelper.PageInterceptor.intercept(PageInterceptor.java:143)
	at org.apache.ibatis.plugin.Plugin.invoke(Plugin.java:61)
	at com.sun.proxy.$Proxy46.query(Unknown Source)
	at org.apache.ibatis.session.defaults.DefaultSqlSession.selectList(DefaultSqlSession.java:148)
	at org.apache.ibatis.session.defaults.DefaultSqlSession.selectList(DefaultSqlSession.java:141)
	at sun.reflect.NativeMethodAccessorImpl.invoke0(Native Method)
	at sun.reflect.NativeMethodAccessorImpl.invoke(NativeMethodAccessorImpl.java:62)
	at sun.reflect.DelegatingMethodAccessorImpl.invoke(DelegatingMethodAccessorImpl.java:43)
	at java.lang.reflect.Method.invoke(Method.java:497)
	at org.mybatis.spring.SqlSessionTemplate$SqlSessionInterceptor.invoke(SqlSessionTemplate.java:433)
	at com.sun.proxy.$Proxy33.selectList(Unknown Source)
	at org.mybatis.spring.SqlSessionTemplate.selectList(SqlSessionTemplate.java:230)
	at org.apache.ibatis.binding.MapperMethod.executeForMany(MapperMethod.java:137)
	at org.apache.ibatis.binding.MapperMethod.execute(MapperMethod.java:75)
	at org.apache.ibatis.binding.MapperProxy.invoke(MapperProxy.java:59)
	at com.sun.proxy.$Proxy34.selectByExample(Unknown Source)
	at service.serviceImpl.adminServiceImpl.Login(adminServiceImpl.java:18)
	at controller.AdminController.aLogin(AdminController.java:15)
	at sun.reflect.NativeMethodAccessorImpl.invoke0(Native Method)
	at sun.reflect.NativeMethodAccessorImpl.invoke(NativeMethodAccessorImpl.java:62)
	at sun.reflect.DelegatingMethodAccessorImpl.invoke(DelegatingMethodAccessorImpl.java:43)
	at java.lang.reflect.Method.invoke(Method.java:497)
	at org.springframework.web.method.support.InvocableHandlerMethod.doInvoke(InvocableHandlerMethod.java:221)
	at org.springframework.web.method.support.InvocableHandlerMethod.invokeForRequest(InvocableHandlerMethod.java:136)
	at org.springframework.web.servlet.mvc.method.annotation.ServletInvocableHandlerMethod.invokeAndHandle(ServletInvocableHandlerMethod.java:110)
	at org.springframework.web.servlet.mvc.method.annotation.RequestMappingHandlerAdapter.invokeHandlerMethod(RequestMappingHandlerAdapter.java:832)
	at org.springframework.web.servlet.mvc.method.annotation.RequestMappingHandlerAdapter.handleInternal(RequestMappingHandlerAdapter.java:743)
	at org.springframework.web.servlet.mvc.method.AbstractHandlerMethodAdapter.handle(AbstractHandlerMethodAdapter.java:85)
	at org.springframework.web.servlet.DispatcherServlet.doDispatch(DispatcherServlet.java:961)
	at org.springframework.web.servlet.DispatcherServlet.doService(DispatcherServlet.java:895)
	at org.springframework.web.servlet.FrameworkServlet.processRequest(FrameworkServlet.java:967)
	at org.springframework.web.servlet.FrameworkServlet.doGet(FrameworkServlet.java:858)
	at javax.servlet.http.HttpServlet.service(HttpServlet.java:621)
	at org.springframework.web.servlet.FrameworkServlet.service(FrameworkServlet.java:843)
	at javax.servlet.http.HttpServlet.service(HttpServlet.java:728)
	at org.apache.catalina.core.ApplicationFilterChain.internalDoFilter(ApplicationFilterChain.java:305)
	at org.apache.catalina.core.ApplicationFilterChain.doFilter(ApplicationFilterChain.java:210)
	at com.alibaba.druid.support.http.WebStatFilter.doFilter(WebStatFilter.java:123)
	at org.apache.catalina.core.ApplicationFilterChain.internalDoFilter(ApplicationFilterChain.java:243)
	at org.apache.catalina.core.ApplicationFilterChain.doFilter(ApplicationFilterChain.java:210)
	at org.springframework.web.filter.HiddenHttpMethodFilter.doFilterInternal(HiddenHttpMethodFilter.java:77)
	at org.springframework.web.filter.OncePerRequestFilter.doFilter(OncePerRequestFilter.java:107)
	at org.apache.catalina.core.ApplicationFilterChain.internalDoFilter(ApplicationFilterChain.java:243)
	at org.apache.catalina.core.ApplicationFilterChain.doFilter(ApplicationFilterChain.java:210)
	at org.springframework.web.filter.CharacterEncodingFilter.doFilterInternal(CharacterEncodingFilter.java:121)
	at org.springframework.web.filter.OncePerRequestFilter.doFilter(OncePerRequestFilter.java:107)
	at org.apache.catalina.core.ApplicationFilterChain.internalDoFilter(ApplicationFilterChain.java:243)
	at org.apache.catalina.core.ApplicationFilterChain.doFilter(ApplicationFilterChain.java:210)
	at org.apache.catalina.core.StandardWrapperValve.invoke(StandardWrapperValve.java:222)
	at org.apache.catalina.core.StandardContextValve.invoke(StandardContextValve.java:123)
	at org.apache.catalina.authenticator.AuthenticatorBase.invoke(AuthenticatorBase.java:472)
	at org.apache.catalina.core.StandardHostValve.invoke(StandardHostValve.java:171)
	at org.apache.catalina.valves.ErrorReportValve.invoke(ErrorReportValve.java:99)
	at org.apache.catalina.valves.AccessLogValve.invoke(AccessLogValve.java:936)
	at org.apache.catalina.core.StandardEngineValve.invoke(StandardEngineValve.java:118)
	at org.apache.catalina.connector.CoyoteAdapter.service(CoyoteAdapter.java:407)
	at org.apache.coyote.http11.AbstractHttp11Processor.process(AbstractHttp11Processor.java:1004)
	at org.apache.coyote.AbstractProtocol$AbstractConnectionHandler.process(AbstractProtocol.java:589)
	at org.apache.tomcat.util.net.JIoEndpoint$SocketProcessor.run(JIoEndpoint.java:310)
	at java.util.concurrent.ThreadPoolExecutor.runWorker(ThreadPoolExecutor.java:1142)
	at java.util.concurrent.ThreadPoolExecutor$Worker.run(ThreadPoolExecutor.java:617)
	at java.lang.Thread.run(Thread.java:745)
[INFO][2019-05-30 18:38|:46][org.springframework.beans.factory.xml.XmlBeanDefinitionReader]Loading XML bean definitions from class path resource [org/springframework/jdbc/support/sql-error-codes.xml]
[INFO][2019-05-30 18:38|:46][org.springframework.jdbc.support.SQLErrorCodesFactory]SQLErrorCodes loaded: [DB2, Derby, H2, HSQL, Informix, MS-SQL, MySQL, Oracle, PostgreSQL, Sybase, Hana]
[DEBUG][2019-05-30 18:40|:40][mapper.AdminMapper.selectByExample]==>  Preparing: select a_id, a_account, a_tele, a_name, a_pwd from tb_admin WHERE ( a_pwd = ? and a_account = ? ) 
[DEBUG][2019-05-30 18:40|:40][mapper.AdminMapper.selectByExample]==> Parameters: 1(String), 1(String)
[ERROR][2019-05-30 18:40|:40][druid.sql.Statement]{conn-10020, pstmt-20001} execute error. select
     
     
    a_id, a_account, a_tele, a_name, a_pwd
   
    from tb_admin
     
       
     WHERE (  a_pwd = ?
                
            
              
                  and a_account = ? )
com.mysql.jdbc.exceptions.jdbc4.MySQLSyntaxErrorException: Table 'db_1901.tb_admin' doesn't exist
	at sun.reflect.NativeConstructorAccessorImpl.newInstance0(Native Method)
	at sun.reflect.NativeConstructorAccessorImpl.newInstance(NativeConstructorAccessorImpl.java:62)
	at sun.reflect.DelegatingConstructorAccessorImpl.newInstance(DelegatingConstructorAccessorImpl.java:45)
	at java.lang.reflect.Constructor.newInstance(Constructor.java:422)
	at com.mysql.jdbc.Util.handleNewInstance(Util.java:404)
	at com.mysql.jdbc.Util.getInstance(Util.java:387)
	at com.mysql.jdbc.SQLError.createSQLException(SQLError.java:939)
	at com.mysql.jdbc.MysqlIO.checkErrorPacket(MysqlIO.java:3878)
	at com.mysql.jdbc.MysqlIO.checkErrorPacket(MysqlIO.java:3814)
	at com.mysql.jdbc.MysqlIO.sendCommand(MysqlIO.java:2478)
	at com.mysql.jdbc.MysqlIO.sqlQueryDirect(MysqlIO.java:2625)
	at com.mysql.jdbc.ConnectionImpl.execSQL(ConnectionImpl.java:2551)
	at com.mysql.jdbc.PreparedStatement.executeInternal(PreparedStatement.java:1861)
	at com.mysql.jdbc.PreparedStatement.execute(PreparedStatement.java:1192)
	at com.alibaba.druid.filter.FilterChainImpl.preparedStatement_execute(FilterChainImpl.java:3409)
	at com.alibaba.druid.filter.FilterEventAdapter.preparedStatement_execute(FilterEventAdapter.java:440)
	at com.alibaba.druid.filter.FilterChainImpl.preparedStatement_execute(FilterChainImpl.java:3407)
	at com.alibaba.druid.filter.FilterEventAdapter.preparedStatement_execute(FilterEventAdapter.java:440)
	at com.alibaba.druid.filter.FilterChainImpl.preparedStatement_execute(FilterChainImpl.java:3407)
	at com.alibaba.druid.proxy.jdbc.PreparedStatementProxyImpl.execute(PreparedStatementProxyImpl.java:167)
	at com.alibaba.druid.pool.DruidPooledPreparedStatement.execute(DruidPooledPreparedStatement.java:498)
	at sun.reflect.NativeMethodAccessorImpl.invoke0(Native Method)
	at sun.reflect.NativeMethodAccessorImpl.invoke(NativeMethodAccessorImpl.java:62)
	at sun.reflect.DelegatingMethodAccessorImpl.invoke(DelegatingMethodAccessorImpl.java:43)
	at java.lang.reflect.Method.invoke(Method.java:497)
	at org.apache.ibatis.logging.jdbc.PreparedStatementLogger.invoke(PreparedStatementLogger.java:59)
	at com.sun.proxy.$Proxy48.execute(Unknown Source)
	at org.apache.ibatis.executor.statement.PreparedStatementHandler.query(PreparedStatementHandler.java:63)
	at org.apache.ibatis.executor.statement.RoutingStatementHandler.query(RoutingStatementHandler.java:79)
	at org.apache.ibatis.executor.SimpleExecutor.doQuery(SimpleExecutor.java:63)
	at org.apache.ibatis.executor.BaseExecutor.queryFromDatabase(BaseExecutor.java:324)
	at org.apache.ibatis.executor.BaseExecutor.query(BaseExecutor.java:156)
	at org.apache.ibatis.executor.CachingExecutor.query(CachingExecutor.java:109)
	at com.github.pagehelper.PageInterceptor.intercept(PageInterceptor.java:143)
	at org.apache.ibatis.plugin.Plugin.invoke(Plugin.java:61)
	at com.sun.proxy.$Proxy46.query(Unknown Source)
	at org.apache.ibatis.session.defaults.DefaultSqlSession.selectList(DefaultSqlSession.java:148)
	at org.apache.ibatis.session.defaults.DefaultSqlSession.selectList(DefaultSqlSession.java:141)
	at sun.reflect.NativeMethodAccessorImpl.invoke0(Native Method)
	at sun.reflect.NativeMethodAccessorImpl.invoke(NativeMethodAccessorImpl.java:62)
	at sun.reflect.DelegatingMethodAccessorImpl.invoke(DelegatingMethodAccessorImpl.java:43)
	at java.lang.reflect.Method.invoke(Method.java:497)
	at org.mybatis.spring.SqlSessionTemplate$SqlSessionInterceptor.invoke(SqlSessionTemplate.java:433)
	at com.sun.proxy.$Proxy33.selectList(Unknown Source)
	at org.mybatis.spring.SqlSessionTemplate.selectList(SqlSessionTemplate.java:230)
	at org.apache.ibatis.binding.MapperMethod.executeForMany(MapperMethod.java:137)
	at org.apache.ibatis.binding.MapperMethod.execute(MapperMethod.java:75)
	at org.apache.ibatis.binding.MapperProxy.invoke(MapperProxy.java:59)
	at com.sun.proxy.$Proxy34.selectByExample(Unknown Source)
	at service.serviceImpl.adminServiceImpl.Login(adminServiceImpl.java:18)
	at controller.AdminController.aLogin(AdminController.java:15)
	at sun.reflect.NativeMethodAccessorImpl.invoke0(Native Method)
	at sun.reflect.NativeMethodAccessorImpl.invoke(NativeMethodAccessorImpl.java:62)
	at sun.reflect.DelegatingMethodAccessorImpl.invoke(DelegatingMethodAccessorImpl.java:43)
	at java.lang.reflect.Method.invoke(Method.java:497)
	at org.springframework.web.method.support.InvocableHandlerMethod.doInvoke(InvocableHandlerMethod.java:221)
	at org.springframework.web.method.support.InvocableHandlerMethod.invokeForRequest(InvocableHandlerMethod.java:136)
	at org.springframework.web.servlet.mvc.method.annotation.ServletInvocableHandlerMethod.invokeAndHandle(ServletInvocableHandlerMethod.java:110)
	at org.springframework.web.servlet.mvc.method.annotation.RequestMappingHandlerAdapter.invokeHandlerMethod(RequestMappingHandlerAdapter.java:832)
	at org.springframework.web.servlet.mvc.method.annotation.RequestMappingHandlerAdapter.handleInternal(RequestMappingHandlerAdapter.java:743)
	at org.springframework.web.servlet.mvc.method.AbstractHandlerMethodAdapter.handle(AbstractHandlerMethodAdapter.java:85)
	at org.springframework.web.servlet.DispatcherServlet.doDispatch(DispatcherServlet.java:961)
	at org.springframework.web.servlet.DispatcherServlet.doService(DispatcherServlet.java:895)
	at org.springframework.web.servlet.FrameworkServlet.processRequest(FrameworkServlet.java:967)
	at org.springframework.web.servlet.FrameworkServlet.doGet(FrameworkServlet.java:858)
	at javax.servlet.http.HttpServlet.service(HttpServlet.java:621)
	at org.springframework.web.servlet.FrameworkServlet.service(FrameworkServlet.java:843)
	at javax.servlet.http.HttpServlet.service(HttpServlet.java:728)
	at org.apache.catalina.core.ApplicationFilterChain.internalDoFilter(ApplicationFilterChain.java:305)
	at org.apache.catalina.core.ApplicationFilterChain.doFilter(ApplicationFilterChain.java:210)
	at com.alibaba.druid.support.http.WebStatFilter.doFilter(WebStatFilter.java:123)
	at org.apache.catalina.core.ApplicationFilterChain.internalDoFilter(ApplicationFilterChain.java:243)
	at org.apache.catalina.core.ApplicationFilterChain.doFilter(ApplicationFilterChain.java:210)
	at org.springframework.web.filter.HiddenHttpMethodFilter.doFilterInternal(HiddenHttpMethodFilter.java:77)
	at org.springframework.web.filter.OncePerRequestFilter.doFilter(OncePerRequestFilter.java:107)
	at org.apache.catalina.core.ApplicationFilterChain.internalDoFilter(ApplicationFilterChain.java:243)
	at org.apache.catalina.core.ApplicationFilterChain.doFilter(ApplicationFilterChain.java:210)
	at org.springframework.web.filter.CharacterEncodingFilter.doFilterInternal(CharacterEncodingFilter.java:121)
	at org.springframework.web.filter.OncePerRequestFilter.doFilter(OncePerRequestFilter.java:107)
	at org.apache.catalina.core.ApplicationFilterChain.internalDoFilter(ApplicationFilterChain.java:243)
	at org.apache.catalina.core.ApplicationFilterChain.doFilter(ApplicationFilterChain.java:210)
	at org.apache.catalina.core.StandardWrapperValve.invoke(StandardWrapperValve.java:222)
	at org.apache.catalina.core.StandardContextValve.invoke(StandardContextValve.java:123)
	at org.apache.catalina.authenticator.AuthenticatorBase.invoke(AuthenticatorBase.java:472)
	at org.apache.catalina.core.StandardHostValve.invoke(StandardHostValve.java:171)
	at org.apache.catalina.valves.ErrorReportValve.invoke(ErrorReportValve.java:99)
	at org.apache.catalina.valves.AccessLogValve.invoke(AccessLogValve.java:936)
	at org.apache.catalina.core.StandardEngineValve.invoke(StandardEngineValve.java:118)
	at org.apache.catalina.connector.CoyoteAdapter.service(CoyoteAdapter.java:407)
	at org.apache.coyote.http11.AbstractHttp11Processor.process(AbstractHttp11Processor.java:1004)
	at org.apache.coyote.AbstractProtocol$AbstractConnectionHandler.process(AbstractProtocol.java:589)
	at org.apache.tomcat.util.net.JIoEndpoint$SocketProcessor.run(JIoEndpoint.java:310)
	at java.util.concurrent.ThreadPoolExecutor.runWorker(ThreadPoolExecutor.java:1142)
	at java.util.concurrent.ThreadPoolExecutor$Worker.run(ThreadPoolExecutor.java:617)
	at java.lang.Thread.run(Thread.java:745)
[INFO][2019-05-30 18:44|:04][org.springframework.web.context.ContextLoader]Root WebApplicationContext: initialization started
[INFO][2019-05-30 18:44|:04][org.springframework.web.context.support.XmlWebApplicationContext]Refreshing Root WebApplicationContext: startup date [Thu May 30 18:44:04 CST 2019]; root of context hierarchy
[INFO][2019-05-30 18:44|:04][org.springframework.beans.factory.xml.XmlBeanDefinitionReader]Loading XML bean definitions from file [E:\0JAVA\ideaworkspace\unionproject\target\classes\applicationContext-dao.xml]
[INFO][2019-05-30 18:44|:05][org.springframework.beans.factory.xml.XmlBeanDefinitionReader]Loading XML bean definitions from file [E:\0JAVA\ideaworkspace\unionproject\target\classes\applicationContext-service.xml]
[INFO][2019-05-30 18:44|:05][org.springframework.beans.factory.xml.XmlBeanDefinitionReader]Loading XML bean definitions from file [E:\0JAVA\ideaworkspace\unionproject\target\classes\applicationContext-tx.xml]
[INFO][2019-05-30 18:44|:05][org.springframework.context.support.PropertySourcesPlaceholderConfigurer]Loading properties file from class path resource [db.properties]
[INFO][2019-05-30 18:44|:05][org.springframework.beans.factory.annotation.AutowiredAnnotationBeanPostProcessor]JSR-330 'javax.inject.Inject' annotation found and supported for autowiring
[INFO][2019-05-30 18:44|:06][com.alibaba.druid.pool.DruidDataSource]{dataSource-1} inited
[INFO][2019-05-30 18:44|:07][org.springframework.web.context.ContextLoader]Root WebApplicationContext: initialization completed in 3253 ms
[INFO][2019-05-30 18:44|:07][org.springframework.web.servlet.DispatcherServlet]FrameworkServlet 'dispatcherServlet': initialization started
[INFO][2019-05-30 18:44|:07][org.springframework.web.context.support.XmlWebApplicationContext]Refreshing WebApplicationContext for namespace 'dispatcherServlet-servlet': startup date [Thu May 30 18:44:07 CST 2019]; parent: Root WebApplicationContext
[INFO][2019-05-30 18:44|:07][org.springframework.beans.factory.xml.XmlBeanDefinitionReader]Loading XML bean definitions from class path resource [spring-mvc.xml]
[INFO][2019-05-30 18:44|:08][org.springframework.beans.factory.annotation.AutowiredAnnotationBeanPostProcessor]JSR-330 'javax.inject.Inject' annotation found and supported for autowiring
[INFO][2019-05-30 18:44|:08][org.springframework.web.servlet.mvc.method.annotation.RequestMappingHandlerMapping]Mapped "{[/admin/login]}" onto public java.lang.Object controller.AdminController.aLogin(java.lang.String,java.lang.String)
[INFO][2019-05-30 18:44|:09][org.springframework.web.servlet.mvc.method.annotation.RequestMappingHandlerAdapter]Looking for @ControllerAdvice: WebApplicationContext for namespace 'dispatcherServlet-servlet': startup date [Thu May 30 18:44:07 CST 2019]; parent: Root WebApplicationContext
[INFO][2019-05-30 18:44|:09][org.springframework.web.servlet.mvc.method.annotation.RequestMappingHandlerAdapter]Looking for @ControllerAdvice: WebApplicationContext for namespace 'dispatcherServlet-servlet': startup date [Thu May 30 18:44:07 CST 2019]; parent: Root WebApplicationContext
[INFO][2019-05-30 18:44|:09][org.springframework.web.servlet.handler.SimpleUrlHandlerMapping]Mapped URL path [/**] onto handler 'org.springframework.web.servlet.resource.DefaultServletHttpRequestHandler#0'
[INFO][2019-05-30 18:44|:09][org.springframework.web.servlet.DispatcherServlet]FrameworkServlet 'dispatcherServlet': initialization completed in 1816 ms
[INFO][2019-05-30 18:44|:29][org.springframework.web.context.ContextLoader]Root WebApplicationContext: initialization started
[INFO][2019-05-30 18:44|:29][org.springframework.web.context.support.XmlWebApplicationContext]Refreshing Root WebApplicationContext: startup date [Thu May 30 18:44:29 CST 2019]; root of context hierarchy
[INFO][2019-05-30 18:44|:29][org.springframework.beans.factory.xml.XmlBeanDefinitionReader]Loading XML bean definitions from file [E:\0JAVA\ideaworkspace\unionproject\target\classes\applicationContext-dao.xml]
[INFO][2019-05-30 18:44|:30][org.springframework.beans.factory.xml.XmlBeanDefinitionReader]Loading XML bean definitions from file [E:\0JAVA\ideaworkspace\unionproject\target\classes\applicationContext-service.xml]
[INFO][2019-05-30 18:44|:30][org.springframework.beans.factory.xml.XmlBeanDefinitionReader]Loading XML bean definitions from file [E:\0JAVA\ideaworkspace\unionproject\target\classes\applicationContext-tx.xml]
[INFO][2019-05-30 18:44|:30][org.springframework.context.support.PropertySourcesPlaceholderConfigurer]Loading properties file from class path resource [db.properties]
[INFO][2019-05-30 18:44|:30][org.springframework.beans.factory.annotation.AutowiredAnnotationBeanPostProcessor]JSR-330 'javax.inject.Inject' annotation found and supported for autowiring
[INFO][2019-05-30 18:44|:31][com.alibaba.druid.pool.DruidDataSource]{dataSource-1} inited
[INFO][2019-05-30 18:44|:31][org.springframework.web.context.ContextLoader]Root WebApplicationContext: initialization completed in 2372 ms
[INFO][2019-05-30 18:44|:32][org.springframework.web.servlet.DispatcherServlet]FrameworkServlet 'dispatcherServlet': initialization started
[INFO][2019-05-30 18:44|:32][org.springframework.web.context.support.XmlWebApplicationContext]Refreshing WebApplicationContext for namespace 'dispatcherServlet-servlet': startup date [Thu May 30 18:44:32 CST 2019]; parent: Root WebApplicationContext
[INFO][2019-05-30 18:44|:32][org.springframework.beans.factory.xml.XmlBeanDefinitionReader]Loading XML bean definitions from class path resource [spring-mvc.xml]
[INFO][2019-05-30 18:44|:32][org.springframework.beans.factory.annotation.AutowiredAnnotationBeanPostProcessor]JSR-330 'javax.inject.Inject' annotation found and supported for autowiring
[INFO][2019-05-30 18:44|:32][org.springframework.web.servlet.mvc.method.annotation.RequestMappingHandlerMapping]Mapped "{[/admin/login]}" onto public java.lang.Object controller.AdminController.aLogin(java.lang.String,java.lang.String)
[INFO][2019-05-30 18:44|:32][org.springframework.web.servlet.mvc.method.annotation.RequestMappingHandlerAdapter]Looking for @ControllerAdvice: WebApplicationContext for namespace 'dispatcherServlet-servlet': startup date [Thu May 30 18:44:32 CST 2019]; parent: Root WebApplicationContext
[INFO][2019-05-30 18:44|:32][org.springframework.web.servlet.mvc.method.annotation.RequestMappingHandlerAdapter]Looking for @ControllerAdvice: WebApplicationContext for namespace 'dispatcherServlet-servlet': startup date [Thu May 30 18:44:32 CST 2019]; parent: Root WebApplicationContext
[INFO][2019-05-30 18:44|:32][org.springframework.web.servlet.handler.SimpleUrlHandlerMapping]Mapped URL path [/**] onto handler 'org.springframework.web.servlet.resource.DefaultServletHttpRequestHandler#0'
[INFO][2019-05-30 18:44|:33][org.springframework.web.servlet.DispatcherServlet]FrameworkServlet 'dispatcherServlet': initialization completed in 1075 ms
[DEBUG][2019-05-30 18:44|:37][mapper.AdminMapper.selectByExample]==>  Preparing: select a_id, a_account, a_tele, a_name, a_pwd from tb_admin WHERE ( a_pwd = ? and a_account = ? ) 
[DEBUG][2019-05-30 18:44|:37][mapper.AdminMapper.selectByExample]==> Parameters: 1(String), 1(String)
[DEBUG][2019-05-30 18:44|:37][mapper.AdminMapper.selectByExample]<==      Total: 1
[INFO][2019-05-30 19:21|:24][org.springframework.web.context.ContextLoader]Root WebApplicationContext: initialization started
[INFO][2019-05-30 19:21|:25][org.springframework.web.context.support.XmlWebApplicationContext]Refreshing Root WebApplicationContext: startup date [Thu May 30 19:21:25 CST 2019]; root of context hierarchy
[INFO][2019-05-30 19:21|:25][org.springframework.beans.factory.xml.XmlBeanDefinitionReader]Loading XML bean definitions from file [E:\java_all\git_work\4\unionproject\target\classes\applicationContext-dao.xml]
[INFO][2019-05-30 19:21|:25][org.springframework.beans.factory.xml.XmlBeanDefinitionReader]Loading XML bean definitions from file [E:\java_all\git_work\4\unionproject\target\classes\applicationContext-service.xml]
[INFO][2019-05-30 19:21|:25][org.springframework.beans.factory.xml.XmlBeanDefinitionReader]Loading XML bean definitions from file [E:\java_all\git_work\4\unionproject\target\classes\applicationContext-tx.xml]
[INFO][2019-05-30 19:21|:26][org.springframework.context.support.PropertySourcesPlaceholderConfigurer]Loading properties file from class path resource [db.properties]
[INFO][2019-05-30 19:21|:26][org.springframework.beans.factory.annotation.AutowiredAnnotationBeanPostProcessor]JSR-330 'javax.inject.Inject' annotation found and supported for autowiring
[INFO][2019-05-30 19:21|:27][com.alibaba.druid.pool.DruidDataSource]{dataSource-1} inited
[WARN][2019-05-30 19:21|:29][org.springframework.web.context.support.XmlWebApplicationContext]Exception encountered during context initialization - cancelling refresh attempt: org.springframework.beans.factory.BeanCreationException: Error creating bean with name 'sqlSessionFactory' defined in file [E:\java_all\git_work\4\unionproject\target\classes\applicationContext-dao.xml]: Invocation of init method failed; nested exception is org.springframework.core.NestedIOException: Failed to parse mapping resource: 'file [E:\java_all\git_work\4\unionproject\target\classes\mapper\ProductMapper.xml]'; nested exception is org.apache.ibatis.builder.BuilderException: Error parsing Mapper XML. Cause: org.apache.ibatis.builder.BuilderException: Error resolving class. Cause: org.apache.ibatis.type.TypeException: Could not resolve type alias 'com.qf.pojo.Product'.  Cause: java.lang.ClassNotFoundException: Cannot find class: com.qf.pojo.Product
[INFO][2019-05-30 19:21|:29][com.alibaba.druid.pool.DruidDataSource]{dataSource-1} closed
[ERROR][2019-05-30 19:21|:29][org.springframework.web.context.ContextLoader]Context initialization failed
org.springframework.beans.factory.BeanCreationException: Error creating bean with name 'sqlSessionFactory' defined in file [E:\java_all\git_work\4\unionproject\target\classes\applicationContext-dao.xml]: Invocation of init method failed; nested exception is org.springframework.core.NestedIOException: Failed to parse mapping resource: 'file [E:\java_all\git_work\4\unionproject\target\classes\mapper\ProductMapper.xml]'; nested exception is org.apache.ibatis.builder.BuilderException: Error parsing Mapper XML. Cause: org.apache.ibatis.builder.BuilderException: Error resolving class. Cause: org.apache.ibatis.type.TypeException: Could not resolve type alias 'com.qf.pojo.Product'.  Cause: java.lang.ClassNotFoundException: Cannot find class: com.qf.pojo.Product
	at org.springframework.beans.factory.support.AbstractAutowireCapableBeanFactory.initializeBean(AbstractAutowireCapableBeanFactory.java:1582)
	at org.springframework.beans.factory.support.AbstractAutowireCapableBeanFactory.doCreateBean(AbstractAutowireCapableBeanFactory.java:545)
	at org.springframework.beans.factory.support.AbstractAutowireCapableBeanFactory.createBean(AbstractAutowireCapableBeanFactory.java:482)
	at org.springframework.beans.factory.support.AbstractBeanFactory$1.getObject(AbstractBeanFactory.java:306)
	at org.springframework.beans.factory.support.DefaultSingletonBeanRegistry.getSingleton(DefaultSingletonBeanRegistry.java:230)
	at org.springframework.beans.factory.support.AbstractBeanFactory.doGetBean(AbstractBeanFactory.java:302)
	at org.springframework.beans.factory.support.AbstractBeanFactory.getBean(AbstractBeanFactory.java:197)
	at org.springframework.beans.factory.support.DefaultListableBeanFactory.preInstantiateSingletons(DefaultListableBeanFactory.java:759)
	at org.springframework.context.support.AbstractApplicationContext.finishBeanFactoryInitialization(AbstractApplicationContext.java:839)
	at org.springframework.context.support.AbstractApplicationContext.refresh(AbstractApplicationContext.java:538)
	at org.springframework.web.context.ContextLoader.configureAndRefreshWebApplicationContext(ContextLoader.java:444)
	at org.springframework.web.context.ContextLoader.initWebApplicationContext(ContextLoader.java:326)
	at org.springframework.web.context.ContextLoaderListener.contextInitialized(ContextLoaderListener.java:107)
	at org.apache.catalina.core.StandardContext.listenerStart(StandardContext.java:4797)
	at org.apache.catalina.core.StandardContext.startInternal(StandardContext.java:5291)
	at org.apache.catalina.util.LifecycleBase.start(LifecycleBase.java:150)
	at org.apache.catalina.core.ContainerBase$StartChild.call(ContainerBase.java:1559)
	at org.apache.catalina.core.ContainerBase$StartChild.call(ContainerBase.java:1549)
	at java.util.concurrent.FutureTask.run(FutureTask.java:266)
	at java.util.concurrent.ThreadPoolExecutor.runWorker(ThreadPoolExecutor.java:1142)
	at java.util.concurrent.ThreadPoolExecutor$Worker.run(ThreadPoolExecutor.java:617)
	at java.lang.Thread.run(Thread.java:745)
Caused by: org.springframework.core.NestedIOException: Failed to parse mapping resource: 'file [E:\java_all\git_work\4\unionproject\target\classes\mapper\ProductMapper.xml]'; nested exception is org.apache.ibatis.builder.BuilderException: Error parsing Mapper XML. Cause: org.apache.ibatis.builder.BuilderException: Error resolving class. Cause: org.apache.ibatis.type.TypeException: Could not resolve type alias 'com.qf.pojo.Product'.  Cause: java.lang.ClassNotFoundException: Cannot find class: com.qf.pojo.Product
	at org.mybatis.spring.SqlSessionFactoryBean.buildSqlSessionFactory(SqlSessionFactoryBean.java:523)
	at org.mybatis.spring.SqlSessionFactoryBean.afterPropertiesSet(SqlSessionFactoryBean.java:380)
	at org.springframework.beans.factory.support.AbstractAutowireCapableBeanFactory.invokeInitMethods(AbstractAutowireCapableBeanFactory.java:1641)
	at org.springframework.beans.factory.support.AbstractAutowireCapableBeanFactory.initializeBean(AbstractAutowireCapableBeanFactory.java:1578)
	... 21 more
Caused by: org.apache.ibatis.builder.BuilderException: Error parsing Mapper XML. Cause: org.apache.ibatis.builder.BuilderException: Error resolving class. Cause: org.apache.ibatis.type.TypeException: Could not resolve type alias 'com.qf.pojo.Product'.  Cause: java.lang.ClassNotFoundException: Cannot find class: com.qf.pojo.Product
	at org.apache.ibatis.builder.xml.XMLMapperBuilder.configurationElement(XMLMapperBuilder.java:120)
	at org.apache.ibatis.builder.xml.XMLMapperBuilder.parse(XMLMapperBuilder.java:92)
	at org.mybatis.spring.SqlSessionFactoryBean.buildSqlSessionFactory(SqlSessionFactoryBean.java:521)
	... 24 more
Caused by: org.apache.ibatis.builder.BuilderException: Error resolving class. Cause: org.apache.ibatis.type.TypeException: Could not resolve type alias 'com.qf.pojo.Product'.  Cause: java.lang.ClassNotFoundException: Cannot find class: com.qf.pojo.Product
	at org.apache.ibatis.builder.BaseBuilder.resolveClass(BaseBuilder.java:118)
	at org.apache.ibatis.builder.xml.XMLMapperBuilder.resultMapElement(XMLMapperBuilder.java:265)
	at org.apache.ibatis.builder.xml.XMLMapperBuilder.resultMapElement(XMLMapperBuilder.java:252)
	at org.apache.ibatis.builder.xml.XMLMapperBuilder.resultMapElements(XMLMapperBuilder.java:244)
	at org.apache.ibatis.builder.xml.XMLMapperBuilder.configurationElement(XMLMapperBuilder.java:116)
	... 26 more
Caused by: org.apache.ibatis.type.TypeException: Could not resolve type alias 'com.qf.pojo.Product'.  Cause: java.lang.ClassNotFoundException: Cannot find class: com.qf.pojo.Product
	at org.apache.ibatis.type.TypeAliasRegistry.resolveAlias(TypeAliasRegistry.java:120)
	at org.apache.ibatis.builder.BaseBuilder.resolveAlias(BaseBuilder.java:149)
	at org.apache.ibatis.builder.BaseBuilder.resolveClass(BaseBuilder.java:116)
	... 30 more
Caused by: java.lang.ClassNotFoundException: Cannot find class: com.qf.pojo.Product
	at org.apache.ibatis.io.ClassLoaderWrapper.classForName(ClassLoaderWrapper.java:200)
	at org.apache.ibatis.io.ClassLoaderWrapper.classForName(ClassLoaderWrapper.java:89)
	at org.apache.ibatis.io.Resources.classForName(Resources.java:261)
	at org.apache.ibatis.type.TypeAliasRegistry.resolveAlias(TypeAliasRegistry.java:116)
	... 32 more
[INFO][2019-05-30 19:33|:37][org.springframework.web.context.ContextLoader]Root WebApplicationContext: initialization started
[INFO][2019-05-30 19:33|:37][org.springframework.web.context.support.XmlWebApplicationContext]Refreshing Root WebApplicationContext: startup date [Thu May 30 19:33:37 CST 2019]; root of context hierarchy
[INFO][2019-05-30 19:33|:37][org.springframework.beans.factory.xml.XmlBeanDefinitionReader]Loading XML bean definitions from file [E:\java_all\git_work\4\unionproject\target\classes\applicationContext-dao.xml]
[INFO][2019-05-30 19:33|:38][org.springframework.beans.factory.xml.XmlBeanDefinitionReader]Loading XML bean definitions from file [E:\java_all\git_work\4\unionproject\target\classes\applicationContext-service.xml]
[INFO][2019-05-30 19:33|:38][org.springframework.beans.factory.xml.XmlBeanDefinitionReader]Loading XML bean definitions from file [E:\java_all\git_work\4\unionproject\target\classes\applicationContext-tx.xml]
[INFO][2019-05-30 19:33|:38][org.springframework.context.support.PropertySourcesPlaceholderConfigurer]Loading properties file from class path resource [db.properties]
[INFO][2019-05-30 19:33|:38][org.springframework.beans.factory.annotation.AutowiredAnnotationBeanPostProcessor]JSR-330 'javax.inject.Inject' annotation found and supported for autowiring
[INFO][2019-05-30 19:33|:39][com.alibaba.druid.pool.DruidDataSource]{dataSource-1} inited
[WARN][2019-05-30 19:33|:40][org.springframework.web.context.support.XmlWebApplicationContext]Exception encountered during context initialization - cancelling refresh attempt: org.springframework.beans.factory.BeanCreationException: Error creating bean with name 'sqlSessionFactory' defined in file [E:\java_all\git_work\4\unionproject\target\classes\applicationContext-dao.xml]: Invocation of init method failed; nested exception is org.springframework.core.NestedIOException: Failed to parse mapping resource: 'file [E:\java_all\git_work\4\unionproject\target\classes\mapper\ProductMapper.xml]'; nested exception is org.apache.ibatis.builder.BuilderException: Error parsing Mapper XML. Cause: org.apache.ibatis.builder.BuilderException: Error resolving class. Cause: org.apache.ibatis.type.TypeException: Could not resolve type alias 'com.qf.pojo.Product'.  Cause: java.lang.ClassNotFoundException: Cannot find class: com.qf.pojo.Product
[INFO][2019-05-30 19:33|:40][com.alibaba.druid.pool.DruidDataSource]{dataSource-1} closed
[ERROR][2019-05-30 19:33|:40][org.springframework.web.context.ContextLoader]Context initialization failed
org.springframework.beans.factory.BeanCreationException: Error creating bean with name 'sqlSessionFactory' defined in file [E:\java_all\git_work\4\unionproject\target\classes\applicationContext-dao.xml]: Invocation of init method failed; nested exception is org.springframework.core.NestedIOException: Failed to parse mapping resource: 'file [E:\java_all\git_work\4\unionproject\target\classes\mapper\ProductMapper.xml]'; nested exception is org.apache.ibatis.builder.BuilderException: Error parsing Mapper XML. Cause: org.apache.ibatis.builder.BuilderException: Error resolving class. Cause: org.apache.ibatis.type.TypeException: Could not resolve type alias 'com.qf.pojo.Product'.  Cause: java.lang.ClassNotFoundException: Cannot find class: com.qf.pojo.Product
	at org.springframework.beans.factory.support.AbstractAutowireCapableBeanFactory.initializeBean(AbstractAutowireCapableBeanFactory.java:1582)
	at org.springframework.beans.factory.support.AbstractAutowireCapableBeanFactory.doCreateBean(AbstractAutowireCapableBeanFactory.java:545)
	at org.springframework.beans.factory.support.AbstractAutowireCapableBeanFactory.createBean(AbstractAutowireCapableBeanFactory.java:482)
	at org.springframework.beans.factory.support.AbstractBeanFactory$1.getObject(AbstractBeanFactory.java:306)
	at org.springframework.beans.factory.support.DefaultSingletonBeanRegistry.getSingleton(DefaultSingletonBeanRegistry.java:230)
	at org.springframework.beans.factory.support.AbstractBeanFactory.doGetBean(AbstractBeanFactory.java:302)
	at org.springframework.beans.factory.support.AbstractBeanFactory.getBean(AbstractBeanFactory.java:197)
	at org.springframework.beans.factory.support.DefaultListableBeanFactory.preInstantiateSingletons(DefaultListableBeanFactory.java:759)
	at org.springframework.context.support.AbstractApplicationContext.finishBeanFactoryInitialization(AbstractApplicationContext.java:839)
	at org.springframework.context.support.AbstractApplicationContext.refresh(AbstractApplicationContext.java:538)
	at org.springframework.web.context.ContextLoader.configureAndRefreshWebApplicationContext(ContextLoader.java:444)
	at org.springframework.web.context.ContextLoader.initWebApplicationContext(ContextLoader.java:326)
	at org.springframework.web.context.ContextLoaderListener.contextInitialized(ContextLoaderListener.java:107)
	at org.apache.catalina.core.StandardContext.listenerStart(StandardContext.java:4797)
	at org.apache.catalina.core.StandardContext.startInternal(StandardContext.java:5291)
	at org.apache.catalina.util.LifecycleBase.start(LifecycleBase.java:150)
	at org.apache.catalina.core.ContainerBase$StartChild.call(ContainerBase.java:1559)
	at org.apache.catalina.core.ContainerBase$StartChild.call(ContainerBase.java:1549)
	at java.util.concurrent.FutureTask.run(FutureTask.java:266)
	at java.util.concurrent.ThreadPoolExecutor.runWorker(ThreadPoolExecutor.java:1142)
	at java.util.concurrent.ThreadPoolExecutor$Worker.run(ThreadPoolExecutor.java:617)
	at java.lang.Thread.run(Thread.java:745)
Caused by: org.springframework.core.NestedIOException: Failed to parse mapping resource: 'file [E:\java_all\git_work\4\unionproject\target\classes\mapper\ProductMapper.xml]'; nested exception is org.apache.ibatis.builder.BuilderException: Error parsing Mapper XML. Cause: org.apache.ibatis.builder.BuilderException: Error resolving class. Cause: org.apache.ibatis.type.TypeException: Could not resolve type alias 'com.qf.pojo.Product'.  Cause: java.lang.ClassNotFoundException: Cannot find class: com.qf.pojo.Product
	at org.mybatis.spring.SqlSessionFactoryBean.buildSqlSessionFactory(SqlSessionFactoryBean.java:523)
	at org.mybatis.spring.SqlSessionFactoryBean.afterPropertiesSet(SqlSessionFactoryBean.java:380)
	at org.springframework.beans.factory.support.AbstractAutowireCapableBeanFactory.invokeInitMethods(AbstractAutowireCapableBeanFactory.java:1641)
	at org.springframework.beans.factory.support.AbstractAutowireCapableBeanFactory.initializeBean(AbstractAutowireCapableBeanFactory.java:1578)
	... 21 more
Caused by: org.apache.ibatis.builder.BuilderException: Error parsing Mapper XML. Cause: org.apache.ibatis.builder.BuilderException: Error resolving class. Cause: org.apache.ibatis.type.TypeException: Could not resolve type alias 'com.qf.pojo.Product'.  Cause: java.lang.ClassNotFoundException: Cannot find class: com.qf.pojo.Product
	at org.apache.ibatis.builder.xml.XMLMapperBuilder.configurationElement(XMLMapperBuilder.java:120)
	at org.apache.ibatis.builder.xml.XMLMapperBuilder.parse(XMLMapperBuilder.java:92)
	at org.mybatis.spring.SqlSessionFactoryBean.buildSqlSessionFactory(SqlSessionFactoryBean.java:521)
	... 24 more
Caused by: org.apache.ibatis.builder.BuilderException: Error resolving class. Cause: org.apache.ibatis.type.TypeException: Could not resolve type alias 'com.qf.pojo.Product'.  Cause: java.lang.ClassNotFoundException: Cannot find class: com.qf.pojo.Product
	at org.apache.ibatis.builder.BaseBuilder.resolveClass(BaseBuilder.java:118)
	at org.apache.ibatis.builder.xml.XMLMapperBuilder.resultMapElement(XMLMapperBuilder.java:265)
	at org.apache.ibatis.builder.xml.XMLMapperBuilder.resultMapElement(XMLMapperBuilder.java:252)
	at org.apache.ibatis.builder.xml.XMLMapperBuilder.resultMapElements(XMLMapperBuilder.java:244)
	at org.apache.ibatis.builder.xml.XMLMapperBuilder.configurationElement(XMLMapperBuilder.java:116)
	... 26 more
Caused by: org.apache.ibatis.type.TypeException: Could not resolve type alias 'com.qf.pojo.Product'.  Cause: java.lang.ClassNotFoundException: Cannot find class: com.qf.pojo.Product
	at org.apache.ibatis.type.TypeAliasRegistry.resolveAlias(TypeAliasRegistry.java:120)
	at org.apache.ibatis.builder.BaseBuilder.resolveAlias(BaseBuilder.java:149)
	at org.apache.ibatis.builder.BaseBuilder.resolveClass(BaseBuilder.java:116)
	... 30 more
Caused by: java.lang.ClassNotFoundException: Cannot find class: com.qf.pojo.Product
	at org.apache.ibatis.io.ClassLoaderWrapper.classForName(ClassLoaderWrapper.java:200)
	at org.apache.ibatis.io.ClassLoaderWrapper.classForName(ClassLoaderWrapper.java:89)
	at org.apache.ibatis.io.Resources.classForName(Resources.java:261)
	at org.apache.ibatis.type.TypeAliasRegistry.resolveAlias(TypeAliasRegistry.java:116)
	... 32 more
[INFO][2019-05-30 19:39|:41][org.springframework.web.context.ContextLoader]Root WebApplicationContext: initialization started
[INFO][2019-05-30 19:39|:41][org.springframework.web.context.support.XmlWebApplicationContext]Refreshing Root WebApplicationContext: startup date [Thu May 30 19:39:41 CST 2019]; root of context hierarchy
[INFO][2019-05-30 19:39|:41][org.springframework.beans.factory.xml.XmlBeanDefinitionReader]Loading XML bean definitions from file [E:\java_all\git_work\4\unionproject\target\classes\applicationContext-dao.xml]
[INFO][2019-05-30 19:39|:41][org.springframework.beans.factory.xml.XmlBeanDefinitionReader]Loading XML bean definitions from file [E:\java_all\git_work\4\unionproject\target\classes\applicationContext-service.xml]
[INFO][2019-05-30 19:39|:41][org.springframework.beans.factory.xml.XmlBeanDefinitionReader]Loading XML bean definitions from file [E:\java_all\git_work\4\unionproject\target\classes\applicationContext-tx.xml]
[INFO][2019-05-30 19:39|:42][org.springframework.context.support.PropertySourcesPlaceholderConfigurer]Loading properties file from class path resource [db.properties]
[INFO][2019-05-30 19:39|:42][org.springframework.beans.factory.annotation.AutowiredAnnotationBeanPostProcessor]JSR-330 'javax.inject.Inject' annotation found and supported for autowiring
[INFO][2019-05-30 19:39|:43][com.alibaba.druid.pool.DruidDataSource]{dataSource-1} inited
[WARN][2019-05-30 19:39|:47][org.springframework.web.context.support.XmlWebApplicationContext]Exception encountered during context initialization - cancelling refresh attempt: org.springframework.beans.factory.BeanCreationException: Error creating bean with name 'sqlSessionFactory' defined in file [E:\java_all\git_work\4\unionproject\target\classes\applicationContext-dao.xml]: Invocation of init method failed; nested exception is org.springframework.core.NestedIOException: Failed to parse mapping resource: 'file [E:\java_all\git_work\4\unionproject\target\classes\mapper\ProductMapper.xml]'; nested exception is org.apache.ibatis.builder.BuilderException: Error parsing Mapper XML. Cause: org.apache.ibatis.builder.BuilderException: Error resolving class. Cause: org.apache.ibatis.type.TypeException: Could not resolve type alias 'com.qf.pojo.Product'.  Cause: java.lang.ClassNotFoundException: Cannot find class: com.qf.pojo.Product
[INFO][2019-05-30 19:39|:47][com.alibaba.druid.pool.DruidDataSource]{dataSource-1} closed
[ERROR][2019-05-30 19:39|:47][org.springframework.web.context.ContextLoader]Context initialization failed
org.springframework.beans.factory.BeanCreationException: Error creating bean with name 'sqlSessionFactory' defined in file [E:\java_all\git_work\4\unionproject\target\classes\applicationContext-dao.xml]: Invocation of init method failed; nested exception is org.springframework.core.NestedIOException: Failed to parse mapping resource: 'file [E:\java_all\git_work\4\unionproject\target\classes\mapper\ProductMapper.xml]'; nested exception is org.apache.ibatis.builder.BuilderException: Error parsing Mapper XML. Cause: org.apache.ibatis.builder.BuilderException: Error resolving class. Cause: org.apache.ibatis.type.TypeException: Could not resolve type alias 'com.qf.pojo.Product'.  Cause: java.lang.ClassNotFoundException: Cannot find class: com.qf.pojo.Product
	at org.springframework.beans.factory.support.AbstractAutowireCapableBeanFactory.initializeBean(AbstractAutowireCapableBeanFactory.java:1582)
	at org.springframework.beans.factory.support.AbstractAutowireCapableBeanFactory.doCreateBean(AbstractAutowireCapableBeanFactory.java:545)
	at org.springframework.beans.factory.support.AbstractAutowireCapableBeanFactory.createBean(AbstractAutowireCapableBeanFactory.java:482)
	at org.springframework.beans.factory.support.AbstractBeanFactory$1.getObject(AbstractBeanFactory.java:306)
	at org.springframework.beans.factory.support.DefaultSingletonBeanRegistry.getSingleton(DefaultSingletonBeanRegistry.java:230)
	at org.springframework.beans.factory.support.AbstractBeanFactory.doGetBean(AbstractBeanFactory.java:302)
	at org.springframework.beans.factory.support.AbstractBeanFactory.getBean(AbstractBeanFactory.java:197)
	at org.springframework.beans.factory.support.DefaultListableBeanFactory.preInstantiateSingletons(DefaultListableBeanFactory.java:759)
	at org.springframework.context.support.AbstractApplicationContext.finishBeanFactoryInitialization(AbstractApplicationContext.java:839)
	at org.springframework.context.support.AbstractApplicationContext.refresh(AbstractApplicationContext.java:538)
	at org.springframework.web.context.ContextLoader.configureAndRefreshWebApplicationContext(ContextLoader.java:444)
	at org.springframework.web.context.ContextLoader.initWebApplicationContext(ContextLoader.java:326)
	at org.springframework.web.context.ContextLoaderListener.contextInitialized(ContextLoaderListener.java:107)
	at org.apache.catalina.core.StandardContext.listenerStart(StandardContext.java:4797)
	at org.apache.catalina.core.StandardContext.startInternal(StandardContext.java:5291)
	at org.apache.catalina.util.LifecycleBase.start(LifecycleBase.java:150)
	at org.apache.catalina.core.ContainerBase$StartChild.call(ContainerBase.java:1559)
	at org.apache.catalina.core.ContainerBase$StartChild.call(ContainerBase.java:1549)
	at java.util.concurrent.FutureTask.run(FutureTask.java:266)
	at java.util.concurrent.ThreadPoolExecutor.runWorker(ThreadPoolExecutor.java:1142)
	at java.util.concurrent.ThreadPoolExecutor$Worker.run(ThreadPoolExecutor.java:617)
	at java.lang.Thread.run(Thread.java:745)
Caused by: org.springframework.core.NestedIOException: Failed to parse mapping resource: 'file [E:\java_all\git_work\4\unionproject\target\classes\mapper\ProductMapper.xml]'; nested exception is org.apache.ibatis.builder.BuilderException: Error parsing Mapper XML. Cause: org.apache.ibatis.builder.BuilderException: Error resolving class. Cause: org.apache.ibatis.type.TypeException: Could not resolve type alias 'com.qf.pojo.Product'.  Cause: java.lang.ClassNotFoundException: Cannot find class: com.qf.pojo.Product
	at org.mybatis.spring.SqlSessionFactoryBean.buildSqlSessionFactory(SqlSessionFactoryBean.java:523)
	at org.mybatis.spring.SqlSessionFactoryBean.afterPropertiesSet(SqlSessionFactoryBean.java:380)
	at org.springframework.beans.factory.support.AbstractAutowireCapableBeanFactory.invokeInitMethods(AbstractAutowireCapableBeanFactory.java:1641)
	at org.springframework.beans.factory.support.AbstractAutowireCapableBeanFactory.initializeBean(AbstractAutowireCapableBeanFactory.java:1578)
	... 21 more
Caused by: org.apache.ibatis.builder.BuilderException: Error parsing Mapper XML. Cause: org.apache.ibatis.builder.BuilderException: Error resolving class. Cause: org.apache.ibatis.type.TypeException: Could not resolve type alias 'com.qf.pojo.Product'.  Cause: java.lang.ClassNotFoundException: Cannot find class: com.qf.pojo.Product
	at org.apache.ibatis.builder.xml.XMLMapperBuilder.configurationElement(XMLMapperBuilder.java:120)
	at org.apache.ibatis.builder.xml.XMLMapperBuilder.parse(XMLMapperBuilder.java:92)
	at org.mybatis.spring.SqlSessionFactoryBean.buildSqlSessionFactory(SqlSessionFactoryBean.java:521)
	... 24 more
Caused by: org.apache.ibatis.builder.BuilderException: Error resolving class. Cause: org.apache.ibatis.type.TypeException: Could not resolve type alias 'com.qf.pojo.Product'.  Cause: java.lang.ClassNotFoundException: Cannot find class: com.qf.pojo.Product
	at org.apache.ibatis.builder.BaseBuilder.resolveClass(BaseBuilder.java:118)
	at org.apache.ibatis.builder.xml.XMLMapperBuilder.resultMapElement(XMLMapperBuilder.java:265)
	at org.apache.ibatis.builder.xml.XMLMapperBuilder.resultMapElement(XMLMapperBuilder.java:252)
	at org.apache.ibatis.builder.xml.XMLMapperBuilder.resultMapElements(XMLMapperBuilder.java:244)
	at org.apache.ibatis.builder.xml.XMLMapperBuilder.configurationElement(XMLMapperBuilder.java:116)
	... 26 more
Caused by: org.apache.ibatis.type.TypeException: Could not resolve type alias 'com.qf.pojo.Product'.  Cause: java.lang.ClassNotFoundException: Cannot find class: com.qf.pojo.Product
	at org.apache.ibatis.type.TypeAliasRegistry.resolveAlias(TypeAliasRegistry.java:120)
	at org.apache.ibatis.builder.BaseBuilder.resolveAlias(BaseBuilder.java:149)
	at org.apache.ibatis.builder.BaseBuilder.resolveClass(BaseBuilder.java:116)
	... 30 more
Caused by: java.lang.ClassNotFoundException: Cannot find class: com.qf.pojo.Product
	at org.apache.ibatis.io.ClassLoaderWrapper.classForName(ClassLoaderWrapper.java:200)
	at org.apache.ibatis.io.ClassLoaderWrapper.classForName(ClassLoaderWrapper.java:89)
	at org.apache.ibatis.io.Resources.classForName(Resources.java:261)
	at org.apache.ibatis.type.TypeAliasRegistry.resolveAlias(TypeAliasRegistry.java:116)
	... 32 more
